This is pdfTeX, Version 3.141592653-2.6-1.40.24 (MiKTeX 22.3) (preloaded format=pdflatex 2022.5.17)  8 MAR 2026 00:26
entering extended mode
 restricted \write18 enabled.
 %&-line parsing enabled.
**./Master.tex
(Master.tex
LaTeX2e <2021-11-15> patch level 1
L3 programming layer <2022-05-04> (Classes/PhDThesisPSnPDF.cls

LaTeX Warning: You have requested document class `Classes/PhDThesisPSnPDF',
               but the document class provides `PhDThesisPSnPDF'.

Document Class: PhDThesisPSnPDF 2016/04/23 A PhD thesis class file by Krishna K
umar (v2.3.1)
https://github.com/kks32/phd-thesis-template/

Class PhDThesisPSnPDF Warning: Unknown or non-standard option 'fleqn'. I'll see
 if I can load it from the book class. If you get a warning unused global optio
n(s): `fleqn` then the option is not supported! on input line 238.

(C:\Users\wshq\AppData\Local\Programs\MiKTeX\tex/latex/base\book.cls
Document Class: book 2021/10/04 v1.4n Standard LaTeX document class
(C:\Users\wshq\AppData\Local\Programs\MiKTeX\tex/latex/base\fleqn.clo
File: fleqn.clo 2016/12/29 v1.2b Standard LaTeX option (flush left equations)
\mathindent=\skip47
Applying: [2015/01/01] Make \[ robust on input line 50.
LaTeX Info: Redefining \[ on input line 51.
Already applied: [0000/00/00] Make \[ robust on input line 62.
Applying: [2015/01/01] Make \] robust on input line 74.
LaTeX Info: Redefining \] on input line 75.
Already applied: [0000/00/00] Make \] robust on input line 83.
)
(C:\Users\wshq\AppData\Local\Programs\MiKTeX\tex/latex/base\bk12.clo
File: bk12.clo 2021/10/04 v1.4n Standard LaTeX file (size option)
)
\c@part=\count185
\c@chapter=\count186
\c@section=\count187
\c@subsection=\count188
\c@subsubsection=\count189
\c@paragraph=\count190
\c@subparagraph=\count191
\c@figure=\count192
\c@table=\count193
\abovecaptionskip=\skip48
\belowcaptionskip=\skip49
\bibindent=\dimen138
)
(C:\Users\wshq\AppData\Local\Programs\MiKTeX\tex/latex/graphics\lscape.sty
Package: lscape 2020/05/28 v3.02 Landscape Pages (DPC)

(C:\Users\wshq\AppData\Local\Programs\MiKTeX\tex/latex/graphics\graphics.sty
Package: graphics 2021/03/04 v1.4d Standard LaTeX Graphics (DPC,SPQR)

(C:\Users\wshq\AppData\Local\Programs\MiKTeX\tex/latex/graphics\trig.sty
Package: trig 2021/08/11 v1.11 sin cos tan (DPC)
)
(C:\Users\wshq\AppData\Local\Programs\MiKTeX\tex/latex/graphics-cfg\graphics.cf
g
File: graphics.cfg 2016/06/04 v1.11 sample graphics configuration
)
Package graphics Info: Driver file: pdftex.def on input line 107.

(C:\Users\wshq\AppData\Local\Programs\MiKTeX\tex/latex/graphics-def\pdftex.def
File: pdftex.def 2020/10/05 v1.2a Graphics/color driver for pdftex
))) (C:\Users\wshq\AppData\Local\Programs\MiKTeX\tex/latex/setspace\setspace.st
y
Package: setspace 2011/12/19 v6.7a set line spacing
) (C:\Users\wshq\AppData\Local\Programs\MiKTeX\tex/latex/tools\calc.sty
Package: calc 2017/05/25 v4.3 Infix arithmetic (KKT,FJ)
\calc@Acount=\count194
\calc@Bcount=\count195
\calc@Adimen=\dimen139
\calc@Bdimen=\dimen140
\calc@Askip=\skip50
\calc@Bskip=\skip51
LaTeX Info: Redefining \setlength on input line 80.
LaTeX Info: Redefining \addtolength on input line 81.
\calc@Ccount=\count196
\calc@Cskip=\skip52
)
(C:\Users\wshq\AppData\Local\Programs\MiKTeX\tex/latex/base\ifthen.sty
Package: ifthen 2020/11/24 v1.1c Standard LaTeX ifthen package (DPC)
)
(C:\Users\wshq\AppData\Local\Programs\MiKTeX\tex/generic/iftex\ifpdf.sty
Package: ifpdf 2019/10/25 v3.4 ifpdf legacy package. Use iftex instead.

(C:\Users\wshq\AppData\Local\Programs\MiKTeX\tex/generic/iftex\iftex.sty
Package: iftex 2022/02/03 v1.0f TeX engine tests
))
(C:\Users\wshq\AppData\Local\Programs\MiKTeX\tex/generic/iftex\ifxetex.sty
Package: ifxetex 2019/10/25 v0.7 ifxetex legacy package. Use iftex instead.
)
(C:\Users\wshq\AppData\Local\Programs\MiKTeX\tex/latex/tocbibind\tocbibind.sty
Package: tocbibind 2010/10/13 v1.5k extra ToC listings
Package tocbibind Info: The document has chapter divisions on input line 50.


Package tocbibind Note: Using chapter style headings, unless overridden.

) (C:\Users\wshq\AppData\Local\Programs\MiKTeX\tex/latex/appendix\appendix.sty
Package: appendix 2020/02/08 v1.2c extra appendix facilities
\c@@pps=\count197
\c@@ppsavesec=\count198
\c@@ppsaveapp=\count199
) (C:\Users\wshq\AppData\Local\Programs\MiKTeX\tex/latex/graphics\color.sty
Package: color 2021/12/07 v1.3c Standard LaTeX Color (DPC)

(C:\Users\wshq\AppData\Local\Programs\MiKTeX\tex/latex/graphics-cfg\color.cfg
File: color.cfg 2016/01/02 v1.6 sample color configuration
)
Package color Info: Driver file: pdftex.def on input line 149.

(C:\Users\wshq\AppData\Local\Programs\MiKTeX\tex/latex/graphics\dvipsnam.def
File: dvipsnam.def 2016/06/17 v3.0m Driver-dependent file (DPC,SPQR)
))
(C:\Users\wshq\AppData\Local\Programs\MiKTeX\tex/latex/epstopdf-pkg\epstopdf.st
y
Package: epstopdf 2020-01-24 v2.11 Conversion with epstopdf on the fly (HO)

(C:\Users\wshq\AppData\Local\Programs\MiKTeX\tex/generic/infwarerr\infwarerr.st
y
Package: infwarerr 2019/12/03 v1.5 Providing info/warning/error messages (HO)
) (C:\Users\wshq\AppData\Local\Programs\MiKTeX\tex/latex/grfext\grfext.sty
Package: grfext 2019/12/03 v1.3 Manage graphics extensions (HO)

(C:\Users\wshq\AppData\Local\Programs\MiKTeX\tex/generic/kvdefinekeys\kvdefinek
eys.sty
Package: kvdefinekeys 2019-12-19 v1.6 Define keys (HO)
))
(C:\Users\wshq\AppData\Local\Programs\MiKTeX\tex/latex/kvoptions\kvoptions.sty
Package: kvoptions 2020-10-07 v3.14 Key value format for package options (HO)

(C:\Users\wshq\AppData\Local\Programs\MiKTeX\tex/latex/graphics\keyval.sty
Package: keyval 2014/10/28 v1.15 key=value parser (DPC)
\KV@toks@=\toks16
)
(C:\Users\wshq\AppData\Local\Programs\MiKTeX\tex/generic/ltxcmds\ltxcmds.sty
Package: ltxcmds 2020-05-10 v1.25 LaTeX kernel commands for general use (HO)
)
(C:\Users\wshq\AppData\Local\Programs\MiKTeX\tex/generic/kvsetkeys\kvsetkeys.st
y
Package: kvsetkeys 2019/12/15 v1.18 Key value parser (HO)
))
(C:\Users\wshq\AppData\Local\Programs\MiKTeX\tex/generic/pdftexcmds\pdftexcmds.
sty
Package: pdftexcmds 2020-06-27 v0.33 Utility functions of pdfTeX for LuaTeX (HO
)
Package pdftexcmds Info: \pdf@primitive is available.
Package pdftexcmds Info: \pdf@ifprimitive is available.
Package pdftexcmds Info: \pdfdraftmode found.
)
(C:\Users\wshq\AppData\Local\Programs\MiKTeX\tex/latex/epstopdf-pkg\epstopdf-ba
se.sty
Package: epstopdf-base 2020-01-24 v2.11 Base part for package epstopdf
Package epstopdf-base Info: Redefining graphics rule for `.eps' on input line 4
85.
Package grfext Info: Graphics extension search list:
(grfext)             [.pdf,.png,.jpg,.mps,.jpeg,.jbig2,.jb2,.PDF,.PNG,.JPG,.JPE
G,.JBIG2,.JB2,.eps]
(grfext)             \AppendGraphicsExtensions on input line 504.

(C:\Users\wshq\AppData\Local\Programs\MiKTeX\tex/latex/00miktex\epstopdf-sys.cf
g
File: epstopdf-sys.cfg 2021/03/18 v2.0 Configuration of epstopdf for MiKTeX
)))
(C:\Users\wshq\AppData\Local\Programs\MiKTeX\tex/latex/graphics\graphicx.sty
Package: graphicx 2021/09/16 v1.2d Enhanced LaTeX Graphics (DPC,SPQR)
\Gin@req@height=\dimen141
\Gin@req@width=\dimen142
)
(C:\Users\wshq\AppData\Local\Programs\MiKTeX\tex/latex/datetime\datetime.sty
Package: datetime 2015/03/20 v2.60 Date Time Package

(C:\Users\wshq\AppData\Local\Programs\MiKTeX\tex/latex/etoolbox\etoolbox.sty
Package: etoolbox 2020/10/05 v2.5k e-TeX tools for LaTeX (JAW)
\etb@tempcnta=\count266
)
(C:\Users\wshq\AppData\Local\Programs\MiKTeX\tex/latex/fmtcount\fmtcount.sty
Package: fmtcount 2020/01/30 v3.07

(C:\Users\wshq\AppData\Local\Programs\MiKTeX\tex/latex/xkeyval\xkeyval.sty
Package: xkeyval 2020/11/20 v2.8 package option processing (HA)

(C:\Users\wshq\AppData\Local\Programs\MiKTeX\tex/generic/xkeyval\xkeyval.tex
(C:\Users\wshq\AppData\Local\Programs\MiKTeX\tex/generic/xkeyval\xkvutils.tex
\XKV@toks=\toks17
\XKV@tempa@toks=\toks18
)
\XKV@depth=\count267
File: xkeyval.tex 2014/12/03 v2.7a key=value parser (HA)
)) (C:\Users\wshq\AppData\Local\Programs\MiKTeX\tex/latex/fmtcount\fcprefix.sty
Package: fcprefix 2012/09/28

(C:\Users\wshq\AppData\Local\Programs\MiKTeX\tex/latex/fmtcount\fcnumparser.sty
Package: fcnumparser 2017/06/15
\fc@digit@counter=\count268
)) (C:\Users\wshq\AppData\Local\Programs\MiKTeX\tex/latex/amsmath\amsgen.sty
File: amsgen.sty 1999/11/30 v2.0 generic functions
\@emptytoks=\toks19
\ex@=\dimen143
)
\c@padzeroesN=\count269
\fc@tmpcatcode=\count270
\@DT@modctr=\count271
\@ordinalctr=\count272
\@orgargctr=\count273
\@strctr=\count274
\@tmpstrctr=\count275
\@DT@loopN=\count276
\@DT@X=\count277
)
(C:\Users\wshq\AppData\Local\Programs\MiKTeX\tex/latex/datetime\datetime-defaul
ts.sty
Package: datetime-defaults 2013/09/10
)
\@day=\count278
\@month=\count279
\@year=\count280
\c@HOUR=\count281
\c@HOURXII=\count282
\c@MINUTE=\count283
\c@TOHOUR=\count284
\c@TOMINUTE=\count285
\c@SECOND=\count286
\currenthour=\count287
\currentminute=\count288
\currentsecond=\count289
Package datetime Info: No datetime.cfg file found, using default settings on in
put line 308.
\@dtctr=\count290
\dayofyear=\count291
\dayofweek=\count292
LaTeX Info: Redefining \today on input line 736.
\dt@a=\toks20
\dt@b=\toks21
)
\PHD@hour=\count293
\PHD@minute=\count294

(C:\Users\wshq\AppData\Local\Programs\MiKTeX\tex/latex/natbib\natbib.sty
Package: natbib 2010/09/13 8.31b (PWD, AO)
\bibhang=\skip53
\bibsep=\skip54
LaTeX Info: Redefining \cite on input line 694.
\c@NAT@ctr=\count295
)
(C:\Users\wshq\AppData\Local\Programs\MiKTeX\tex/latex/base\textcomp.sty
Package: textcomp 2020/02/02 v2.0n Standard LaTeX package
)
(C:\Users\wshq\AppData\Local\Programs\MiKTeX\tex/latex/psnfss\mathptmx.sty
Package: mathptmx 2020/03/25 PSNFSS-v9.3 Times w/ Math, improved (SPQR, WaS) 
LaTeX Font Info:    Redeclaring symbol font `operators' on input line 28.
LaTeX Font Info:    Overwriting symbol font `operators' in version `normal'
(Font)                  OT1/cmr/m/n --> OT1/ztmcm/m/n on input line 28.
LaTeX Font Info:    Overwriting symbol font `operators' in version `bold'
(Font)                  OT1/cmr/bx/n --> OT1/ztmcm/m/n on input line 28.
LaTeX Font Info:    Redeclaring symbol font `letters' on input line 29.
LaTeX Font Info:    Overwriting symbol font `letters' in version `normal'
(Font)                  OML/cmm/m/it --> OML/ztmcm/m/it on input line 29.
LaTeX Font Info:    Overwriting symbol font `letters' in version `bold'
(Font)                  OML/cmm/b/it --> OML/ztmcm/m/it on input line 29.
LaTeX Font Info:    Redeclaring symbol font `symbols' on input line 30.
LaTeX Font Info:    Overwriting symbol font `symbols' in version `normal'
(Font)                  OMS/cmsy/m/n --> OMS/ztmcm/m/n on input line 30.
LaTeX Font Info:    Overwriting symbol font `symbols' in version `bold'
(Font)                  OMS/cmsy/b/n --> OMS/ztmcm/m/n on input line 30.
LaTeX Font Info:    Redeclaring symbol font `largesymbols' on input line 31.
LaTeX Font Info:    Overwriting symbol font `largesymbols' in version `normal'
(Font)                  OMX/cmex/m/n --> OMX/ztmcm/m/n on input line 31.
LaTeX Font Info:    Overwriting symbol font `largesymbols' in version `bold'
(Font)                  OMX/cmex/m/n --> OMX/ztmcm/m/n on input line 31.
\symbold=\mathgroup4
\symitalic=\mathgroup5
LaTeX Font Info:    Redeclaring math alphabet \mathbf on input line 34.
LaTeX Font Info:    Overwriting math alphabet `\mathbf' in version `normal'
(Font)                  OT1/cmr/bx/n --> OT1/ptm/bx/n on input line 34.
LaTeX Font Info:    Overwriting math alphabet `\mathbf' in version `bold'
(Font)                  OT1/cmr/bx/n --> OT1/ptm/bx/n on input line 34.
LaTeX Font Info:    Redeclaring math alphabet \mathit on input line 35.
LaTeX Font Info:    Overwriting math alphabet `\mathit' in version `normal'
(Font)                  OT1/cmr/m/it --> OT1/ptm/m/it on input line 35.
LaTeX Font Info:    Overwriting math alphabet `\mathit' in version `bold'
(Font)                  OT1/cmr/bx/it --> OT1/ptm/m/it on input line 35.
LaTeX Info: Redefining \hbar on input line 50.
)
PhDThesisPSnPDF: Using Times Roman font
(C:\Users\wshq\AppData\Local\Programs\MiKTeX\tex/latex/base\inputenc.sty
Package: inputenc 2021/02/14 v1.3d Input encoding file
\inpenc@prehook=\toks22
\inpenc@posthook=\toks23
)
(C:\Users\wshq\AppData\Local\Programs\MiKTeX\tex/latex/base\fontenc.sty
Package: fontenc 2021/04/29 v2.0v Standard LaTeX package
LaTeX Font Info:    Trying to load font information for T1+ptm on input line 11
2.

(C:\Users\wshq\AppData\Local\Programs\MiKTeX\tex/latex/psnfss\t1ptm.fd
File: t1ptm.fd 2001/06/04 font definitions for T1/ptm.
))
(C:\Users\wshq\AppData\Local\Programs\MiKTeX\tex/latex/microtype\microtype.sty
Package: microtype 2022/03/14 v3.0d Micro-typographical refinements (RS)
\MT@toks=\toks24
\MT@tempbox=\box50
\MT@count=\count296
LaTeX Info: Redefining \noprotrusionifhmode on input line 1027.
LaTeX Info: Redefining \leftprotrusion on input line 1028.
LaTeX Info: Redefining \rightprotrusion on input line 1036.
LaTeX Info: Redefining \textls on input line 1195.
\MT@outer@kern=\dimen144
LaTeX Info: Redefining \textmicrotypecontext on input line 1781.
\MT@listname@count=\count297

(C:\Users\wshq\AppData\Local\Programs\MiKTeX\tex/latex/microtype\microtype-pdft
ex.def
File: microtype-pdftex.def 2022/03/14 v3.0d Definitions specific to pdftex (RS)

LaTeX Info: Redefining \lsstyle on input line 900.
LaTeX Info: Redefining \lslig on input line 900.
\MT@outer@space=\skip55
)
Package microtype Info: Loading configuration file microtype.cfg.

(C:\Users\wshq\AppData\Local\Programs\MiKTeX\tex/latex/microtype\microtype.cfg
File: microtype.cfg 2022/03/14 v3.0d microtype main configuration file (RS)
))
(C:\Users\wshq\AppData\Local\Programs\MiKTeX\tex/generic/pdftex\glyphtounicode.
tex)
(C:\Users\wshq\AppData\Local\Programs\MiKTeX\tex/latex/amsfonts\amsfonts.sty
Package: amsfonts 2013/01/14 v3.01 Basic AMSFonts support
\symAMSa=\mathgroup6
\symAMSb=\mathgroup7
LaTeX Font Info:    Overwriting math alphabet `\mathfrak' in version `bold'
(Font)                  U/euf/m/n --> U/euf/b/n on input line 106.
)
(C:\Users\wshq\AppData\Local\Programs\MiKTeX\tex/latex/amsmath\amsmath.sty
Package: amsmath 2021/10/15 v2.17l AMS math features
\@mathmargin=\skip56

For additional information on amsmath, use the `?' option.
(C:\Users\wshq\AppData\Local\Programs\MiKTeX\tex/latex/amsmath\amstext.sty
Package: amstext 2021/08/26 v2.01 AMS text
)
(C:\Users\wshq\AppData\Local\Programs\MiKTeX\tex/latex/amsmath\amsbsy.sty
Package: amsbsy 1999/11/29 v1.2d Bold Symbols
\pmbraise@=\dimen145
)
(C:\Users\wshq\AppData\Local\Programs\MiKTeX\tex/latex/amsmath\amsopn.sty
Package: amsopn 2021/08/26 v2.02 operator names
)
\inf@bad=\count298
LaTeX Info: Redefining \frac on input line 234.
\uproot@=\count299
\leftroot@=\count300
LaTeX Info: Redefining \overline on input line 399.
\classnum@=\count301
\DOTSCASE@=\count302
LaTeX Info: Redefining \ldots on input line 496.
LaTeX Info: Redefining \dots on input line 499.
LaTeX Info: Redefining \cdots on input line 620.
\Mathstrutbox@=\box51
\strutbox@=\box52
\big@size=\dimen146
LaTeX Font Info:    Redeclaring font encoding OML on input line 743.
LaTeX Font Info:    Redeclaring font encoding OMS on input line 744.
\macc@depth=\count303
\c@MaxMatrixCols=\count304
\dotsspace@=\muskip16
\c@parentequation=\count305
\dspbrk@lvl=\count306
\tag@help=\toks25
\row@=\count307
\column@=\count308
\maxfields@=\count309
\andhelp@=\toks26
\eqnshift@=\dimen147
\alignsep@=\dimen148
\tagshift@=\dimen149
\tagwidth@=\dimen150
\totwidth@=\dimen151
\lineht@=\dimen152
\@envbody=\toks27
\multlinegap=\skip57
\multlinetaggap=\skip58
\mathdisplay@stack=\toks28
LaTeX Info: Redefining \[ on input line 2938.
LaTeX Info: Redefining \] on input line 2939.
)
(C:\Users\wshq\AppData\Local\Programs\MiKTeX\tex/latex/amsfonts\amssymb.sty
Package: amssymb 2013/01/14 v3.01 AMS font symbols
)
(C:\Users\wshq\AppData\Local\Programs\MiKTeX\tex/latex/hyperref\hyperref.sty
Package: hyperref 2022-05-13 v7.00o Hypertext links for LaTeX

(C:\Users\wshq\AppData\Local\Programs\MiKTeX\tex/generic/pdfescape\pdfescape.st
y
Package: pdfescape 2019/12/09 v1.15 Implements pdfTeX's escape features (HO)
) (C:\Users\wshq\AppData\Local\Programs\MiKTeX\tex/latex/hycolor\hycolor.sty
Package: hycolor 2020-01-27 v1.10 Color options for hyperref/bookmark (HO)
)
(C:\Users\wshq\AppData\Local\Programs\MiKTeX\tex/latex/letltxmacro\letltxmacro.
sty
Package: letltxmacro 2019/12/03 v1.6 Let assignment for LaTeX macros (HO)
) (C:\Users\wshq\AppData\Local\Programs\MiKTeX\tex/latex/auxhook\auxhook.sty
Package: auxhook 2019-12-17 v1.6 Hooks for auxiliary files (HO)
)
\@linkdim=\dimen153
\Hy@linkcounter=\count310
\Hy@pagecounter=\count311
 (C:\Users\wshq\AppData\Local\Programs\MiKTeX\tex/latex/hyperref\pd1enc.def
File: pd1enc.def 2022-05-13 v7.00o Hyperref: PDFDocEncoding definition (HO)
Now handling font encoding PD1 ...
... no UTF-8 mapping file for font encoding PD1
)
(C:\Users\wshq\AppData\Local\Programs\MiKTeX\tex/generic/intcalc\intcalc.sty
Package: intcalc 2019/12/15 v1.3 Expandable calculations with integers (HO)
)
(C:\Users\wshq\AppData\Local\Programs\MiKTeX\tex/generic/etexcmds\etexcmds.sty
Package: etexcmds 2019/12/15 v1.7 Avoid name clashes with e-TeX commands (HO)
)
\Hy@SavedSpaceFactor=\count312
(C:\Users\wshq\AppData\Local\Programs\MiKTeX\tex/latex/hyperref\puenc.def
File: puenc.def 2022-05-13 v7.00o Hyperref: PDF Unicode definition (HO)
Now handling font encoding PU ...
... no UTF-8 mapping file for font encoding PU
)
Package hyperref Info: Option `unicode' set `true' on input line 4023.
Package hyperref Info: Hyper figures OFF on input line 4142.
Package hyperref Info: Link nesting OFF on input line 4147.
Package hyperref Info: Hyper index ON on input line 4150.
Package hyperref Info: Plain pages OFF on input line 4157.
Package hyperref Info: Backreferencing OFF on input line 4162.
Package hyperref Info: Implicit mode ON; LaTeX internals redefined.
Package hyperref Info: Bookmarks ON on input line 4395.
\c@Hy@tempcnt=\count313

(C:\Users\wshq\AppData\Local\Programs\MiKTeX\tex/latex/url\url.sty
\Urlmuskip=\muskip17
Package: url 2013/09/16  ver 3.4  Verb mode for urls, etc.
)
LaTeX Info: Redefining \url on input line 4742.
\XeTeXLinkMargin=\dimen154

(C:\Users\wshq\AppData\Local\Programs\MiKTeX\tex/generic/bitset\bitset.sty
Package: bitset 2019/12/09 v1.3 Handle bit-vector datatype (HO)

(C:\Users\wshq\AppData\Local\Programs\MiKTeX\tex/generic/bigintcalc\bigintcalc.
sty
Package: bigintcalc 2019/12/15 v1.5 Expandable calculations on big integers (HO
)
))
\Fld@menulength=\count314
\Field@Width=\dimen155
\Fld@charsize=\dimen156
Package hyperref Info: Hyper figures OFF on input line 6020.
Package hyperref Info: Link nesting OFF on input line 6025.
Package hyperref Info: Hyper index ON on input line 6028.
Package hyperref Info: backreferencing OFF on input line 6035.
Package hyperref Info: Link coloring OFF on input line 6040.
Package hyperref Info: Link coloring with OCG OFF on input line 6045.
Package hyperref Info: PDF/A mode OFF on input line 6050.
LaTeX Info: Redefining \ref on input line 6097.
LaTeX Info: Redefining \pageref on input line 6097.

(C:\Users\wshq\AppData\Local\Programs\MiKTeX\tex/latex/base\atbegshi-ltx.sty
Package: atbegshi-ltx 2021/01/10 v1.0c Emulation of the original atbegshi
package with kernel methods
)
\Hy@abspage=\count315
\c@Item=\count316
\c@Hfootnote=\count317
)
Package hyperref Info: Driver (autodetected): hpdftex.

(C:\Users\wshq\AppData\Local\Programs\MiKTeX\tex/latex/hyperref\hpdftex.def
File: hpdftex.def 2022-05-13 v7.00o Hyperref driver for pdfTeX

(C:\Users\wshq\AppData\Local\Programs\MiKTeX\tex/latex/base\atveryend-ltx.sty
Package: atveryend-ltx 2020/08/19 v1.0a Emulation of the original atveryend pac
kage
with kernel methods
)
\Fld@listcount=\count318
\c@bookmark@seq@number=\count319

(C:\Users\wshq\AppData\Local\Programs\MiKTeX\tex/latex/rerunfilecheck\rerunfile
check.sty
Package: rerunfilecheck 2019/12/05 v1.9 Rerun checks for auxiliary files (HO)

(C:\Users\wshq\AppData\Local\Programs\MiKTeX\tex/generic/uniquecounter\uniqueco
unter.sty
Package: uniquecounter 2019/12/15 v1.4 Provide unlimited unique counter (HO)
)
Package uniquecounter Info: New unique counter `rerunfilecheck' on input line 2
86.
)
\Hy@SectionHShift=\skip59
)
Package hyperref Info: Option `final' set `true' on input line 621.
Package hyperref Info: Option `plainpages' set `false' on input line 621.
Package hyperref Info: Option `pdftoolbar' set `true' on input line 621.
Package hyperref Info: Option `pdfmenubar' set `true' on input line 621.
Package hyperref Info: Option `bookmarksopen' set `true' on input line 621.
Package hyperref Info: Option `bookmarksnumbered' set `true' on input line 621.

Package hyperref Info: Option `breaklinks' set `true' on input line 621.
Package hyperref Info: Option `linktocpage' set `true' on input line 621.
Package hyperref Info: Option `colorlinks' set `true' on input line 621.

PhDThesisPSnPDF: The University identity guidelines recommend using left aligne
d text. Please use `flushleft' in the documentclass option, if you wish to left
 align your text
(C:\Users\wshq\AppData\Local\Programs\MiKTeX\tex/latex/fancyhdr\fancyhdr.sty
Package: fancyhdr 2022/05/10 v4.0.2 Extensive control of page headers and foote
rs
\f@nch@headwidth=\skip60
\f@nch@O@elh=\skip61
\f@nch@O@erh=\skip62
\f@nch@O@olh=\skip63
\f@nch@O@orh=\skip64
\f@nch@O@elf=\skip65
\f@nch@O@erf=\skip66
\f@nch@O@olf=\skip67
\f@nch@O@orf=\skip68
)
(C:\Users\wshq\AppData\Local\Programs\MiKTeX\tex/latex/nomencl\nomencl.sty
Package: nomencl 2021/11/10 v5.6 Nomenclature package

(C:\Users\wshq\AppData\Local\Programs\MiKTeX\tex/latex/koma-script\tocbasic.sty
Package: tocbasic 2022/05/01 v3.36 KOMA-Script package (handling toc-files)
(C:\Users\wshq\AppData\Local\Programs\MiKTeX\tex/latex/koma-script\scrbase.sty
Package: scrbase 2022/05/01 v3.36 KOMA-Script package (KOMA-Script-independent 
basics and keyval usage)

(C:\Users\wshq\AppData\Local\Programs\MiKTeX\tex/latex/koma-script\scrlfile.sty
Package: scrlfile 2022/05/01 v3.36 KOMA-Script package (file load hooks)

(C:\Users\wshq\AppData\Local\Programs\MiKTeX\tex/latex/koma-script\scrlfile-hoo
k.sty
Package: scrlfile-hook 2022/05/01 v3.36 KOMA-Script package (using LaTeX hooks)


(C:\Users\wshq\AppData\Local\Programs\MiKTeX\tex/latex/koma-script\scrlogo.sty
Package: scrlogo 2022/05/01 v3.36 KOMA-Script package (logo)
)))
Applying: [2021/05/01] Usage of raw or classic option list on input line 252.
Already applied: [0000/00/00] Usage of raw or classic option list on input line
 368.
)
\scr@dte@tocline@numberwidth=\skip69
\scr@dte@tocline@numbox=\box53
)
Package tocbasic Info: babel extension for `nlo' omitted
(tocbasic)             because of missing \bbl@set@language on input line 187.
Package tocbasic Info: babel extension for `nls' omitted
(tocbasic)             because of missing \bbl@set@language on input line 188.
\nomlabelwidth=\dimen157
\nom@tempdim=\dimen158
\nomitemsep=\skip70
)
\@nomenclaturefile=\write3
\openout3 = `Master.nlo'.

Package nomencl Info: Writing nomenclature file Master.nlo on input line 1025.
 (C:\Users\wshq\AppData\Local\Programs\MiKTeX\tex/latex/base\makeidx.sty
Package: makeidx 2021/10/04 v1.0m Standard LaTeX package
)
\@indexfile=\write4
\openout4 = `Master.idx'.


Writing index file Master.idx
) (Preamble/preamble.tex
(C:\Users\wshq\AppData\Local\Programs\MiKTeX\tex/latex/geometry\geometry.sty
Package: geometry 2020/01/02 v5.9 Page Geometry

(C:\Users\wshq\AppData\Local\Programs\MiKTeX\tex/generic/iftex\ifvtex.sty
Package: ifvtex 2019/10/25 v1.7 ifvtex legacy package. Use iftex instead.
)
\Gm@cnth=\count320
\Gm@cntv=\count321
\c@Gm@tempcnt=\count322
\Gm@bindingoffset=\dimen159
\Gm@wd@mp=\dimen160
\Gm@odd@mp=\dimen161
\Gm@even@mp=\dimen162
\Gm@layoutwidth=\dimen163
\Gm@layoutheight=\dimen164
\Gm@layouthoffset=\dimen165
\Gm@layoutvoffset=\dimen166
\Gm@dimlist=\toks29

(C:\Users\wshq\AppData\Local\Programs\MiKTeX\tex/latex/geometry\geometry.cfg))
(C:\Users\wshq\AppData\Local\Programs\MiKTeX\tex/latex/caption\caption.sty
Package: caption 2022/03/01 v3.6b Customizing captions (AR)

(C:\Users\wshq\AppData\Local\Programs\MiKTeX\tex/latex/caption\caption3.sty
Package: caption3 2022/03/17 v2.3b caption3 kernel (AR)
\caption@tempdima=\dimen167
\captionmargin=\dimen168
\caption@leftmargin=\dimen169
\caption@rightmargin=\dimen170
\caption@width=\dimen171
\caption@indent=\dimen172
\caption@parindent=\dimen173
\caption@hangindent=\dimen174
Package caption Info: Standard document class detected.
)
\c@caption@flags=\count323
\c@continuedfloat=\count324
Package caption Info: hyperref package is loaded.
)
(C:\Users\wshq\AppData\Local\Programs\MiKTeX\tex/latex/graphics\rotating.sty
Package: rotating 2016/08/11 v2.16d rotated objects in LaTeX
\c@r@tfl@t=\count325
\rotFPtop=\skip71
\rotFPbot=\skip72
\rot@float@box=\box54
\rot@mess@toks=\toks30
)
(C:\Users\wshq\AppData\Local\Programs\MiKTeX\tex/latex/caption\subcaption.sty
Package: subcaption 2022/01/07 v1.5 Sub-captions (AR)
\c@subfigure=\count326
\c@subtable=\count327
)
(C:\Users\wshq\AppData\Local\Programs\MiKTeX\tex/latex/refstyle\refstyle.sty
Package: refstyle 2010/11/02 v0.5 Reference formatting (DNJ Els)
Package refstyle Info: Config file refstyle.cfg used on input line 322.

(C:\Users\wshq\AppData\Local\Programs\MiKTeX\tex/latex/refstyle\refstyle.cfg
File: refstyle.cfg 2010/11/02 0.5 Configuration file for refstyle (DNJ Els)
Package refstyle Info: New reference template \newref{part} on input line 468.
Package refstyle Info: \partkey created on input line 468.
Package refstyle Info: \partlabel created on input line 468.
Package refstyle Info: \partref created on input line 468.
Package refstyle Info: \Partref created on input line 468.
Package refstyle Info: \partrangeref created on input line 468.
Package refstyle Info: \Partrangeref created on input line 468.
Package refstyle Info: \partpageref created on input line 468.
Package refstyle Info: New reference template \newref{chap} on input line 501.
Package refstyle Info: \chapkey created on input line 501.
Package refstyle Info: \chaplabel created on input line 501.
Package refstyle Info: \chapref created on input line 501.
Package refstyle Info: \Chapref created on input line 501.
Package refstyle Info: \chaprangeref created on input line 501.
Package refstyle Info: \Chaprangeref created on input line 501.
Package refstyle Info: \chappageref created on input line 501.
Package refstyle Info: New reference template \newref{sec} on input line 511.
Package refstyle Info: \seckey created on input line 511.
Package refstyle Info: \seclabel created on input line 511.
Package refstyle Info: \secref created on input line 511.
Package refstyle Info: \Secref created on input line 511.
Package refstyle Info: \secrangeref created on input line 511.
Package refstyle Info: \Secrangeref created on input line 511.
Package refstyle Info: \secpageref created on input line 511.
Package refstyle Info: New reference template \newref{eq} on input line 526.
Package refstyle Info: \eqkey created on input line 526.
Package refstyle Info: \eqlabel created on input line 526.
Package refstyle Info: \eqref created on input line 526.
Package refstyle Info: \Eqref created on input line 526.
Package refstyle Info: \eqrangeref created on input line 526.
Package refstyle Info: \Eqrangeref created on input line 526.
Package refstyle Info: \eqpageref created on input line 526.
Package refstyle Info: New reference template \newref{fig} on input line 544.
Package refstyle Info: \figkey created on input line 544.
Package refstyle Info: \figlabel created on input line 544.
Package refstyle Info: \figref created on input line 544.
Package refstyle Info: \Figref created on input line 544.
Package refstyle Info: \figrangeref created on input line 544.
Package refstyle Info: \Figrangeref created on input line 544.
Package refstyle Info: \figpageref created on input line 544.
Package refstyle Info: New reference template \newref{tab} on input line 553.
Package refstyle Info: \tabkey created on input line 553.
Package refstyle Info: \tablabel created on input line 553.
Package refstyle Info: \tabref created on input line 553.
Package refstyle Info: \Tabref created on input line 553.
Package refstyle Info: \tabrangeref created on input line 553.
Package refstyle Info: \Tabrangeref created on input line 553.
Package refstyle Info: \tabpageref created on input line 553.
Package refstyle Info: New reference template \newref{fn} on input line 568.
Package refstyle Info: \fnkey created on input line 568.
Package refstyle Info: \fnlabel created on input line 568.
Package refstyle Info: \fnref created on input line 568.
Package refstyle Info: \Fnref created on input line 568.
Package refstyle Info: \fnrangeref created on input line 568.
Package refstyle Info: \Fnrangeref created on input line 568.
Package refstyle Info: \fnpageref created on input line 568.
))
(C:\Users\wshq\AppData\Local\Programs\MiKTeX\tex/latex/makecell\makecell.sty
Package: makecell 2009/08/03 V0.1e Managing of Tab Column Heads and Cells

(C:\Users\wshq\AppData\Local\Programs\MiKTeX\tex/latex/tools\array.sty
Package: array 2021/10/04 v2.5f Tabular extension package (FMi)
\col@sep=\dimen175
\ar@mcellbox=\box55
\extrarowheight=\dimen176
\NC@list=\toks31
\extratabsurround=\skip73
\backup@length=\skip74
\ar@cellbox=\box56
)
\rotheadsize=\dimen177
\c@nlinenum=\count328
\TeXr@lab=\toks32
)
(C:\Users\wshq\AppData\Local\Programs\MiKTeX\tex/latex/l3packages/xfrac\xfrac.s
ty (C:\Users\wshq\AppData\Local\Programs\MiKTeX\tex/latex/l3kernel\expl3.sty
Package: expl3 2022-05-04 L3 programming layer (loader) 

(C:\Users\wshq\AppData\Local\Programs\MiKTeX\tex/latex/l3backend\l3backend-pdft
ex.def
File: l3backend-pdftex.def 2022-04-20 L3 backend support: PDF output (pdfTeX)
\l__color_backend_stack_int=\count329
\l__pdf_internal_box=\box57
))
(C:\Users\wshq\AppData\Local\Programs\MiKTeX\tex/latex/l3packages/l3keys2e\l3ke
ys2e.sty
Package: l3keys2e 2022-01-12 LaTeX2e option processing using LaTeX3 keys
)
(C:\Users\wshq\AppData\Local\Programs\MiKTeX\tex/latex/l3packages/xparse\xparse
.sty
Package: xparse 2022-01-12 L3 Experimental document command parser
)
(C:\Users\wshq\AppData\Local\Programs\MiKTeX\tex/latex/l3packages/xtemplate\xte
mplate.sty
Package: xtemplate 2022-01-12 L3 Experimental prototype document functions
\l__xtemplate_tmp_dim=\dimen178
\l__xtemplate_tmp_int=\count330
\l__xtemplate_tmp_muskip=\muskip18
\l__xtemplate_tmp_skip=\skip75
)
Package: xfrac 2022-01-12 L3 Experimental split-level fractions
\l__xfrac_slash_box=\box58
\l__xfrac_tmp_box=\box59
\l__xfrac_denominator_bot_sep_dim=\dimen179
\l__xfrac_numerator_bot_sep_dim=\dimen180
\l__xfrac_numerator_top_sep_dim=\dimen181
\l__xfrac_slash_left_sep_dim=\dimen182
\l__xfrac_slash_right_sep_dim=\dimen183
\l__xfrac_slash_left_muskip=\muskip19
\l__xfrac_slash_right_muskip=\muskip20

Package xtemplate Info: Declaring object type 'xfrac' taking 3 argument(s) on
(xtemplate)             line 80.

)
(C:\Users\wshq\AppData\Local\Programs\MiKTeX\tex/latex/tools\bm.sty
Package: bm 2021/04/25 v1.2e Bold Symbol Support (DPC/FMi)
Package bm Info: No bold for \OT1/ztmcm/m/n, using \pmb.
Package bm Info: No bold for \OML/ztmcm/m/it, using \pmb.
Package bm Info: No bold for \OMS/ztmcm/m/n, using \pmb.
Package bm Info: No bold for \OMX/ztmcm/m/n, using \pmb.
Package bm Info: No bold for \OT1/ptm/bx/n, using \pmb.
Package bm Info: No bold for \OT1/ptm/m/it, using \pmb.
Package bm Info: No bold for \U/msa/m/n, using \pmb.
Package bm Info: No bold for \U/msb/m/n, using \pmb.
)
(C:\Users\wshq\AppData\Local\Programs\MiKTeX\tex/latex/xcolor\xcolor.sty
Package: xcolor 2021/10/31 v2.13 LaTeX color extensions (UK)

(C:\Users\wshq\AppData\Local\Programs\MiKTeX\tex/latex/graphics-cfg\color.cfg
File: color.cfg 2016/01/02 v1.6 sample color configuration
)
Package xcolor Info: Driver file: pdftex.def on input line 227.

(C:\Users\wshq\AppData\Local\Programs\MiKTeX\tex/latex/colortbl\colortbl.sty
Package: colortbl 2022/06/20 v1.0f Color table columns (DPC)
\everycr=\toks33
\minrowclearance=\skip76
\rownum=\count331
)
LaTeX Info: Redefining \color on input line 711.
Package xcolor Info: Model `cmy' substituted by `cmy0' on input line 1352.
Package xcolor Info: Model `hsb' substituted by `rgb' on input line 1356.
Package xcolor Info: Model `RGB' extended on input line 1368.
Package xcolor Info: Model `HTML' substituted by `rgb' on input line 1370.
Package xcolor Info: Model `Hsb' substituted by `hsb' on input line 1371.
Package xcolor Info: Model `tHsb' substituted by `hsb' on input line 1372.
Package xcolor Info: Model `HSB' substituted by `hsb' on input line 1373.
Package xcolor Info: Model `Gray' substituted by `gray' on input line 1374.
Package xcolor Info: Model `wave' substituted by `hsb' on input line 1375.
)
(C:\Users\wshq\AppData\Local\Programs\MiKTeX\tex/latex/pdfpages\pdfpages.sty
Package: pdfpages 2025/03/12 v0.6f Insert pages of external PDF documents (AM)

(C:\Users\wshq\AppData\Local\Programs\MiKTeX\tex/latex/eso-pic\eso-pic.sty
Package: eso-pic 2023/05/03 v3.0c eso-pic (RN)
\ESO@tempdima=\dimen184
\ESO@tempdimb=\dimen185
)
\AM@pagewidth=\dimen186
\AM@pageheight=\dimen187
\AM@fboxrule=\dimen188

(C:\Users\wshq\AppData\Local\Programs\MiKTeX\tex/latex/pdfpages\pppdftex.def
File: pppdftex.def 2025/03/12 v0.6f Pdfpages driver for pdfTeX (AM)
)
\pdfpages@includegraphics@status=\count332
\AM@pagebox=\box60
\AM@global@opts=\toks34
\AM@pagecnt=\count333
\AM@toc@title=\toks35
\AM@lof@heading=\toks36
\c@AM@survey=\count334
\AM@templatesizebox=\box61
)
(C:\Users\wshq\AppData\Local\Programs\MiKTeX\tex/latex/float\float.sty
Package: float 2001/11/08 v1.3d Float enhancements (AL)
\c@float@type=\count335
\float@exts=\toks37
\float@box=\box62
\@float@everytoks=\toks38
\@floatcapt=\box63
)
\@float@every@figure=\toks39

(C:\Users\wshq\AppData\Local\Programs\MiKTeX\tex/latex/booktabs\booktabs.sty
Package: booktabs 2020/01/12 v1.61803398 Publication quality tables
\heavyrulewidth=\dimen189
\lightrulewidth=\dimen190
\cmidrulewidth=\dimen191
\belowrulesep=\dimen192
\belowbottomsep=\dimen193
\aboverulesep=\dimen194
\abovetopsep=\dimen195
\cmidrulesep=\dimen196
\cmidrulekern=\dimen197
\defaultaddspace=\dimen198
\@cmidla=\count336
\@cmidlb=\count337
\@aboverulesep=\dimen199
\@belowrulesep=\dimen256
\@thisruleclass=\count338
\@lastruleclass=\count339
\@thisrulewidth=\dimen257
)
(C:\Users\wshq\AppData\Local\Programs\MiKTeX\tex/latex/multirow\multirow.sty
Package: multirow 2021/03/15 v2.8 Span multiple rows of a table
\multirow@colwidth=\skip77
\multirow@cntb=\count340
\multirow@dima=\skip78
\bigstrutjot=\dimen258
)
(C:\Users\wshq\AppData\Local\Programs\MiKTeX\tex/latex/siunitx\siunitx.sty
Package: siunitx 2022-05-03 v3.1.1 A comprehensive (SI) units package
\l__siunitx_angle_tmp_dim=\dimen259
\l__siunitx_angle_marker_box=\box64
\l__siunitx_angle_unit_box=\box65
\l__siunitx_compound_count_int=\count341

(C:\Users\wshq\AppData\Local\Programs\MiKTeX\tex/latex/translations\translation
s.sty
Package: translations 2022/02/05 v1.12 internationalization of LaTeX2e packages
 (CN)
)
\l__siunitx_number_exponent_fixed_int=\count342
\l__siunitx_number_min_decimal_int=\count343
\l__siunitx_number_min_integer_int=\count344
\l__siunitx_number_round_precision_int=\count345
\l__siunitx_number_group_first_int=\count346
\l__siunitx_number_group_size_int=\count347
\l__siunitx_number_group_minimum_int=\count348
\l__siunitx_table_tmp_box=\box66
\l__siunitx_table_tmp_dim=\dimen260
\l__siunitx_table_column_width_dim=\dimen261
\l__siunitx_table_integer_box=\box67
\l__siunitx_table_decimal_box=\box68
\l__siunitx_table_before_box=\box69
\l__siunitx_table_after_box=\box70
\l__siunitx_table_before_dim=\dimen262
\l__siunitx_table_carry_dim=\dimen263
\l__siunitx_unit_tmp_int=\count349
\l__siunitx_unit_position_int=\count350
\l__siunitx_unit_total_int=\count351
)
(C:\Users\wshq\AppData\Local\Programs\MiKTeX\tex/latex/numprint\numprint.sty
Package: numprint 2012/08/20 v1.39 Print numbers (HH)
\c@nprt@mantissa@digitsbefore=\count352
\c@nprt@mantissa@digitsafter=\count353
\c@nprt@exponent@digitsbefore=\count354
\c@nprt@exponent@digitsafter=\count355
\nprt@digitwidth=\skip79
\nprt@sepwidth=\skip80
\nprt@decimalwidth=\skip81
\nprt@blockwidth=\skip82
\nprt@digittoks=\toks40
\nprt@pretoks=\toks41
\nprt@posttoks=\toks42
\nprt@thisdigit=\count356
\nprt@curpos=\count357
\nprt@rndpos=\count358
\c@nprt@digitsfirstblock=\count359
\c@nprt@blockcnt=\count360
\c@nprt@cntprint=\count361

No configuration file `numprint.cfg' found.))
(C:\Users\wshq\AppData\Local\Programs\MiKTeX\tex/latex/enumitem\enumitem.sty
Package: enumitem 2019/06/20 v3.9 Customized lists
\labelindent=\skip83
\enit@outerparindent=\dimen264
\enit@toks=\toks43
\enit@inbox=\box71
\enit@count@id=\count362
\enitdp@description=\count363
)
(Title/thesis-info.tex)
Package translations Info: No language package found. I am going to use `englis
h' as default language. on input line 38.
 (Master.aux (Abstract/abstract.aux)
(Acknowledgement/acknowledgement.aux) (Nomenclature/nomenclature_new.aux)
(Nomenclature/list_of_abbreviations.aux) (Publications/Publications.aux)
(Chapters/01_Introduction/Introduction.aux)
(Chapters/04_Modelling_Lubricated_Bearings_in_a_Flexible_Multi-Body_Dynamic_Env
ironment/Lubricated_FMBD.aux))
\openout1 = `Master.aux'.

LaTeX Font Info:    Checking defaults for OML/cmm/m/it on input line 38.
LaTeX Font Info:    ... okay on input line 38.
LaTeX Font Info:    Checking defaults for OMS/cmsy/m/n on input line 38.
LaTeX Font Info:    ... okay on input line 38.
LaTeX Font Info:    Checking defaults for OT1/cmr/m/n on input line 38.
LaTeX Font Info:    ... okay on input line 38.
LaTeX Font Info:    Checking defaults for T1/cmr/m/n on input line 38.
LaTeX Font Info:    ... okay on input line 38.
LaTeX Font Info:    Checking defaults for TS1/cmr/m/n on input line 38.
LaTeX Font Info:    ... okay on input line 38.
LaTeX Font Info:    Checking defaults for OMX/cmex/m/n on input line 38.
LaTeX Font Info:    ... okay on input line 38.
LaTeX Font Info:    Checking defaults for U/cmr/m/n on input line 38.
LaTeX Font Info:    ... okay on input line 38.
LaTeX Font Info:    Checking defaults for PD1/pdf/m/n on input line 38.
LaTeX Font Info:    ... okay on input line 38.
LaTeX Font Info:    Checking defaults for PU/pdf/m/n on input line 38.
LaTeX Font Info:    ... okay on input line 38.

(C:\Users\wshq\AppData\Local\Programs\MiKTeX\tex/context/base/mkii\supp-pdf.mki
i
[Loading MPS to PDF converter (version 2006.09.02).]
\scratchcounter=\count364
\scratchdimen=\dimen265
\scratchbox=\box72
\nofMPsegments=\count365
\nofMParguments=\count366
\everyMPshowfont=\toks44
\MPscratchCnt=\count367
\MPscratchDim=\dimen266
\MPnumerator=\count368
\makeMPintoPDFobject=\count369
\everyMPtoPDFconversion=\toks45
)
(C:\Users\wshq\AppData\Local\Programs\MiKTeX\tex/latex/fmtcount\fc-english.def
File: fc-english.def 2016/01/12
)
LaTeX Info: Redefining \microtypecontext on input line 38.
Package microtype Info: Applying patch `item' on input line 38.
Package microtype Info: Applying patch `toc' on input line 38.

Package microtype Warning: Unable to apply patch `eqnum' on input line 38.

Package microtype Info: Applying patch `footnote' on input line 38.
Package microtype Info: Generating PDF output.
Package microtype Info: Character protrusion enabled (level 2).
Package microtype Info: Using default protrusion set `alltext'.
Package microtype Info: Automatic font expansion enabled (level 2),
(microtype)             stretch: 20, shrink: 20, step: 1, non-selected.
Package microtype Info: Using default expansion set `alltext-nott'.
LaTeX Info: Redefining \showhyphens on input line 38.
Package microtype Info: No adjustment of tracking.
Package microtype Info: No adjustment of interword spacing.
Package microtype Info: No adjustment of character kerning.
(C:\Users\wshq\AppData\Local\Programs\MiKTeX\tex/latex/microtype\mt-ptm.cfg
File: mt-ptm.cfg 2006/04/20 v1.7 microtype config. file: Times (RS)
)
Package hyperref Info: Link coloring ON on input line 38.

(C:\Users\wshq\AppData\Local\Programs\MiKTeX\tex/latex/hyperref\nameref.sty
Package: nameref 2022-05-13 v2.48 Cross-referencing by name of section

(C:\Users\wshq\AppData\Local\Programs\MiKTeX\tex/latex/refcount\refcount.sty
Package: refcount 2019/12/15 v3.6 Data extraction from label references (HO)
)
(C:\Users\wshq\AppData\Local\Programs\MiKTeX\tex/generic/gettitlestring\gettitl
estring.sty
Package: gettitlestring 2019/12/15 v1.6 Cleanup title references (HO)
)
\c@section@level=\count370
) (Master.out) (Master.out)
\@outlinefile=\write5
\openout5 = `Master.out'.



Package hyperref Warning: Token not allowed in a PDF string (Unicode):
(hyperref)                removing `\\' on input line 38.

*geometry* driver: auto-detecting
*geometry* detected driver: pdftex
*geometry* verbose mode - [ preamble ] result:
* driver: pdftex
* paper: a4paper
* layout: <same size as paper>
* layoutoffset:(h,v)=(0.0pt,0.0pt)
* modes: twoside 
* h-part:(L,W,R)=(91.04881pt, 415.41025pt, 91.04881pt)
* v-part:(T,H,B)=(85.35826pt, 668.63977pt, 91.04881pt)
* \paperwidth=597.50787pt
* \paperheight=845.04684pt
* \textwidth=415.41025pt
* \textheight=668.63977pt
* \oddsidemargin=33.00519pt
* \evensidemargin=4.55246pt
* \topmargin=-21.28552pt
* \headheight=14.5pt
* \headsep=19.8738pt
* \topskip=12.0pt
* \footskip=30.0pt
* \marginparwidth=88.0pt
* \marginparsep=7.0pt
* \columnsep=10.0pt
* \skip\footins=10.8pt plus 4.0pt minus 2.0pt
* \hoffset=0.0pt
* \voffset=0.0pt
* \mag=1000
* \@twocolumnfalse
* \@twosidetrue
* \@mparswitchtrue
* \@reversemarginfalse
* (1in=72.27pt=25.4mm, 1cm=28.453pt)

Package caption Info: Begin \AtBeginDocument code.
Package caption Info: float package is loaded.
Package caption Info: rotating package is loaded.
Package caption Info: End \AtBeginDocument code.
(C:\Users\wshq\AppData\Local\Programs\MiKTeX\tex/latex/pdflscape\pdflscape.sty
Package: pdflscape 2022-10-27 v0.13 Display of landscape pages in PDF

(C:\Users\wshq\AppData\Local\Programs\MiKTeX\tex/latex/pdflscape\pdflscape-nome
tadata.sty
Package: pdflscape-nometadata 2022-10-28 v0.13 Display of landscape pages in PD
F (HO)
Package pdflscape Info: Auto-detected driver: pdftex on input line 81.
))
(C:\Users\wshq\AppData\Local\Programs\MiKTeX\tex/latex/translations/dicts\trans
lations-basic-dictionary-english.trsl
File: translations-basic-dictionary-english.trsl (english translation file `tra
nslations-basic-dictionary')
)
Package translations Info: loading dictionary `translations-basic-dictionary' f
or `english'. on input line 38.
\PHD@Title=\box73
LaTeX Font Info:    Trying to load font information for OT1+ztmcm on input line
 42.

(C:\Users\wshq\AppData\Local\Programs\MiKTeX\tex/latex/psnfss\ot1ztmcm.fd
File: ot1ztmcm.fd 2000/01/03 Fontinst v1.801 font definitions for OT1/ztmcm.
)
Package microtype Info: Loading generic protrusion settings for font family
(microtype)             `ztmcm' (encoding: OT1).
(microtype)             For optimal results, create family-specific settings.
(microtype)             See the microtype manual for details.
LaTeX Font Info:    Trying to load font information for OML+ztmcm on input line
 42.

(C:\Users\wshq\AppData\Local\Programs\MiKTeX\tex/latex/psnfss\omlztmcm.fd
File: omlztmcm.fd 2000/01/03 Fontinst v1.801 font definitions for OML/ztmcm.
)
LaTeX Font Info:    Trying to load font information for OMS+ztmcm on input line
 42.

(C:\Users\wshq\AppData\Local\Programs\MiKTeX\tex/latex/psnfss\omsztmcm.fd
File: omsztmcm.fd 2000/01/03 Fontinst v1.801 font definitions for OMS/ztmcm.
)
LaTeX Font Info:    Trying to load font information for OMX+ztmcm on input line
 42.

(C:\Users\wshq\AppData\Local\Programs\MiKTeX\tex/latex/psnfss\omxztmcm.fd
File: omxztmcm.fd 2000/01/03 Fontinst v1.801 font definitions for OMX/ztmcm.
)
LaTeX Font Info:    Trying to load font information for OT1+ptm on input line 4
2.

(C:\Users\wshq\AppData\Local\Programs\MiKTeX\tex/latex/psnfss\ot1ptm.fd
File: ot1ptm.fd 2001/06/04 font definitions for OT1/ptm.
)
LaTeX Font Info:    Font shape `OT1/ptm/bx/n' in size <12> not available
(Font)              Font shape `OT1/ptm/b/n' tried instead on input line 42.
LaTeX Font Info:    Font shape `OT1/ptm/bx/n' in size <9> not available
(Font)              Font shape `OT1/ptm/b/n' tried instead on input line 42.
LaTeX Font Info:    Font shape `OT1/ptm/bx/n' in size <7> not available
(Font)              Font shape `OT1/ptm/b/n' tried instead on input line 42.

(C:\Users\wshq\AppData\Local\Programs\MiKTeX\tex/latex/microtype\mt-msa.cfg
File: mt-msa.cfg 2006/02/04 v1.1 microtype config. file: AMS symbols (a) (RS)
)
(C:\Users\wshq\AppData\Local\Programs\MiKTeX\tex/latex/microtype\mt-msb.cfg
File: mt-msb.cfg 2005/06/01 v1.0 microtype config. file: AMS symbols (b) (RS)
)
\PHD@crest=\box74
<Graphics//Loughborough-University-Lboro-Logo.png, id=82, 2191.18625pt x 551.05
875pt>
File: Graphics//Loughborough-University-Lboro-Logo.png Graphic file (type png)
<use Graphics//Loughborough-University-Lboro-Logo.png>
Package pdftex.def Info: Graphics//Loughborough-University-Lboro-Logo.png  used
 on input line 42.
(pdftex.def)             Requested size: 186.93333pt x 47.01173pt.
\PHD@collegecrest=\box75
\PHD@author=\box76
\PHD@supervisor=\box77
\PHD@advisor=\box78
\PHD@dept=\box79
\PHD@submission=\box80
\PHD@collegedate=\box81
\PHD@titlepagespacing=\skip84

[1


{C:/Users/wshq/AppData/Local/MiKTeX/fonts/map/pdftex/pdftex.map} <./Graphics//L
oughborough-University-Lboro-Logo.png>]
\openout2 = `Abstract/abstract.aux'.

 (Abstract/abstract.tex [2


]) [3

]
\openout2 = `Acknowledgement/acknowledgement.aux'.


(Acknowledgement/acknowledgement.tex [4




]) [5

] [6



] (Master.toc)
\tf@toc=\write6
\openout6 = `Master.toc'.

 [7

] [8

]
(Master.lof
LaTeX Font Info:    Trying to load font information for TS1+ptm on input line 1
3.

(C:\Users\wshq\AppData\Local\Programs\MiKTeX\tex/latex/psnfss\ts1ptm.fd
File: ts1ptm.fd 2001/06/04 font definitions for TS1/ptm.
))
\tf@lof=\write7
\openout7 = `Master.lof'.


[9] [10

] (Master.lot)
\tf@lot=\write8
\openout8 = `Master.lot'.

 [11]
\openout2 = `Nomenclature/nomenclature_new.aux'.

 (Nomenclature/nomenclature_new.tex [12


] [13]
[14] [15] [16]) [17]
\openout2 = `Nomenclature/list_of_abbreviations.aux'.

 (Nomenclature/list_of_abbreviations.tex [18




] [19])
[20]
\openout2 = `Publications/Publications.aux'.

 (Publications/Publications.tex)
Overfull \hbox (0.10199pt too wide) in paragraph at lines 29--62
\T1/ptm/m/n/12 (-15) https://digitaleditions.walsworth.com/publication/?i=77979
3&p=88&view=issueViewer 
 []

[21




] [22



]
\openout2 = `Chapters/01_Introduction/Introduction.aux'.

 (Chapters/01_Introduction/Introduction.tex
Chapter 1.

Package natbib Warning: Citation `EUL110/5' on page 1 undefined on input line 3
.


Package natbib Warning: Citation `Cai2021' on page 1 undefined on input line 5.


[1


] [2] [3] [4]) [5]
\openout2 = `Chapters/04_Modelling_Lubricated_Bearings_in_a_Flexible_Multi-Body
_Dynamic_Environment/Lubricated_FMBD.aux'.


(Chapters/04_Modelling_Lubricated_Bearings_in_a_Flexible_Multi-Body_Dynamic_Env
ironment/Lubricated_FMBD.tex [6




]
Chapter 2.

Package natbib Warning: Citation `Andreason1973' on page 7 undefined on input l
ine 7.


Package natbib Warning: Citation `Lundberg1949' on page 7 undefined on input li
ne 7.

[7] [8]
<Graphics//FlexiTribo Figure 1. Flowchart of Models.png, id=323, 1242.14063pt x
 618.81187pt>
File: Graphics//FlexiTribo Figure 1. Flowchart of Models.png Graphic file (type
 png)
<use Graphics//FlexiTribo Figure 1. Flowchart of Models.png>
Package pdftex.def Info: Graphics//FlexiTribo Figure 1. Flowchart of Models.png
  used on input line 28.
(pdftex.def)             Requested size: 426.79134pt x 212.62163pt.

Overfull \hbox (11.38109pt too wide) in paragraph at lines 28--29
 [][] 
 []

<Graphics//FlexiTribo Figure 2. System Level Model Schematic.png, id=326, 6654.
8625pt x 3679.7475pt>
File: Graphics//FlexiTribo Figure 2. System Level Model Schematic.png Graphic f
ile (type png)
<use Graphics//FlexiTribo Figure 2. System Level Model Schematic.png>
Package pdftex.def Info: Graphics//FlexiTribo Figure 2. System Level Model Sche
matic.png  used on input line 39.
(pdftex.def)             Requested size: 426.79134pt x 235.93538pt.

Overfull \hbox (11.38109pt too wide) in paragraph at lines 39--40
 [][] 
 []


Package natbib Warning: Citation `DeMul1989_2' on page 9 undefined on input lin
e 44.

[9 <./Graphics//FlexiTribo Figure 1. Flowchart of Models.png>]

Package natbib Warning: Citation `Parikyan2001' on page 10 undefined on input l
ine 48.

[10 <./Graphics//FlexiTribo Figure 2. System Level Model Schematic.png>]

Package natbib Warning: Citation `Offner2011' on page 11 undefined on input lin
e 83.

[11]
<Graphics//FlexiTribo Figure 3. Bearing Schematic.png, id=352, 945.89384pt x 51
9.3804pt>
File: Graphics//FlexiTribo Figure 3. Bearing Schematic.png Graphic file (type p
ng)
<use Graphics//FlexiTribo Figure 3. Bearing Schematic.png>
Package pdftex.def Info: Graphics//FlexiTribo Figure 3. Bearing Schematic.png  
used on input line 98.
(pdftex.def)             Requested size: 369.88582pt x 203.09644pt.


Package natbib Warning: Citation `Dietl1997' on page 12 undefined on input line
 103.


Package natbib Warning: Citation `Walford1983' on page 12 undefined on input li
ne 107.


Package natbib Warning: Citation `Dareing1975' on page 12 undefined on input li
ne 107.


Package natbib Warning: Citation `Mehdigoli1990' on page 12 undefined on input 
line 107.


Package natbib Warning: Citation `Rahnejat1985' on page 12 undefined on input l
ine 109.


Package natbib Warning: Citation `Mohammadpour2015c' on page 12 undefined on in
put line 109.

[12]
<Graphics//FlexiTribo Figure 4. Dry vs Lubricated Roller-Race Contact.png, id=3
61, 6335.67pt x 3318.3975pt>
File: Graphics//FlexiTribo Figure 4. Dry vs Lubricated Roller-Race Contact.png 
Graphic file (type png)
<use Graphics//FlexiTribo Figure 4. Dry vs Lubricated Roller-Race Contact.png>
Package pdftex.def Info: Graphics//FlexiTribo Figure 4. Dry vs Lubricated Rolle
r-Race Contact.png  used on input line 117.
(pdftex.def)             Requested size: 426.79134pt x 223.50114pt.

Overfull \hbox (11.38109pt too wide) in paragraph at lines 117--118
 [][] 
 []


Package natbib Warning: Citation `Dowson1979' on page 13 undefined on input lin
e 122.


Package natbib Warning: Citation `Nelias2008' on page 13 undefined on input lin
e 130.


Package natbib Warning: Citation `Majdoub2020' on page 13 undefined on input li
ne 130.


Package natbib Warning: Citation `Gupta1979' on page 13 undefined on input line
 130.

[13 <./Graphics//FlexiTribo Figure 3. Bearing Schematic.png>]

Package natbib Warning: Citation `Mevel1993' on page 14 undefined on input line
 132.


Package natbib Warning: Citation `Spikes2015' on page 14 undefined on input lin
e 132.


Package natbib Warning: Citation `Shi2015' on page 14 undefined on input line 1
32.


Package natbib Warning: Citation `Singh1974' on page 14 undefined on input line
 142.


Package natbib Warning: Citation `Harris2007a' on page 14 undefined on input li
ne 142.


Package natbib Warning: Citation `Andreason1973' on page 14 undefined on input 
line 142.

[14 <./Graphics//FlexiTribo Figure 4. Dry vs Lubricated Roller-Race Contact.png
>]

Package natbib Warning: Citation `Lundberg1949' on page 15 undefined on input l
ine 144.


Package natbib Warning: Citation `DeMul1989_2' on page 15 undefined on input li
ne 156.


Package natbib Warning: Citation `DeMul1986' on page 15 undefined on input line
 156.


Package natbib Warning: Citation `DeMul1989_2' on page 15 undefined on input li
ne 156.

<Graphics//FlexiTribo Figure 5. Contact Level Validation.png, id=379, 1445.4pt 
x 673.01437pt>
File: Graphics//FlexiTribo Figure 5. Contact Level Validation.png Graphic file 
(type png)
<use Graphics//FlexiTribo Figure 5. Contact Level Validation.png>
Package pdftex.def Info: Graphics//FlexiTribo Figure 5. Contact Level Validatio
n.png  used on input line 160.
(pdftex.def)             Requested size: 426.79134pt x 198.72237pt.

Overfull \hbox (11.38109pt too wide) in paragraph at lines 160--161
 [][] 
 []

[15]

Package natbib Warning: Citation `Dietl1997' on page 16 undefined on input line
 174.


Package natbib Warning: Citation `Sopanen2003_1' on page 16 undefined on input 
line 182.


Package natbib Warning: Citation `Mitsuya1992' on page 16 undefined on input li
ne 182.


Package natbib Warning: Citation `Aini2002' on page 16 undefined on input line 
182.


Package natbib Warning: Citation `Kramer1993' on page 16 undefined on input lin
e 182.


Package natbib Warning: Citation `Kramer1993' on page 16 undefined on input lin
e 186.

[16 <./Graphics//FlexiTribo Figure 5. Contact Level Validation.png (PNG copy)>]

LaTeX Warning: Reference `Surface Topography' on page 17 undefined on input lin
e 197.

<Graphics//FlexiTribo Figure 6. PMSM Torque Profile and Maximum and Minimum Tor
que Fluctuation.png, id=399, 1445.4pt x 673.01437pt>
File: Graphics//FlexiTribo Figure 6. PMSM Torque Profile and Maximum and Minimu
m Torque Fluctuation.png Graphic file (type png)
<use Graphics//FlexiTribo Figure 6. PMSM Torque Profile and Maximum and Minimum
 Torque Fluctuation.png>
Package pdftex.def Info: Graphics//FlexiTribo Figure 6. PMSM Torque Profile and
 Maximum and Minimum Torque Fluctuation.png  used on input line 255.
(pdftex.def)             Requested size: 426.79134pt x 198.72237pt.

Overfull \hbox (11.38109pt too wide) in paragraph at lines 255--256
 [][] 
 []

[17] [18 <./Graphics//FlexiTribo Figure 6. PMSM Torque Profile and Maximum and 
Minimum Torque Fluctuation.png (PNG copy)>]
<Graphics//Hub_motor_excitation_model_annotated.png, id=412, 1104.2856pt x 801.
9561pt>
File: Graphics//Hub_motor_excitation_model_annotated.png Graphic file (type png
)
<use Graphics//Hub_motor_excitation_model_annotated.png>
Package pdftex.def Info: Graphics//Hub_motor_excitation_model_annotated.png  us
ed on input line 266.
(pdftex.def)             Requested size: 355.65944pt x 258.28316pt.
 [19 <./Graphics//Hub_motor_excitation_model_annotated.png>] [20]
<Graphics//Communication_Vector_MATLAB.png, id=422, 1166.85938pt x 70.76437pt>
File: Graphics//Communication_Vector_MATLAB.png Graphic file (type png)
<use Graphics//Communication_Vector_MATLAB.png>
Package pdftex.def Info: Graphics//Communication_Vector_MATLAB.png  used on inp
ut line 334.
(pdftex.def)             Requested size: 426.79134pt x 25.88222pt.

Overfull \hbox (11.38109pt too wide) in paragraph at lines 334--335
 [][] 
 []


Overfull \hbox (3.42612pt too wide) in paragraph at lines 341--342
[]\T1/ptm/m/n/12 (-20) The con-nec-tion to MAT-LAB\TS1/ptm/m/n/12 (-20) ® \T1/p
tm/m/n/12 (-20) is fa-cil-i-tated via an S-function. There-fore, a Simulink\TS1
/ptm/m/n/12 (-20) ®
 []

<Graphics//Output Port.png, id=423, 351.11176pt x 215.00325pt>
File: Graphics//Output Port.png Graphic file (type png)
<use Graphics//Output Port.png>
Package pdftex.def Info: Graphics//Output Port.png  used on input line 354.
(pdftex.def)             Requested size: 355.65944pt x 217.79785pt.
<Graphics//Input Port.png, id=424, 274.02374pt x 225.54262pt>
File: Graphics//Input Port.png Graphic file (type png)
<use Graphics//Input Port.png>
Package pdftex.def Info: Graphics//Input Port.png  used on input line 365.
(pdftex.def)             Requested size: 355.65944pt x 292.75798pt.
[21 <./Graphics//Communication_Vector_MATLAB.png>] [22 <./Graphics//Output Port
.png> <./Graphics//Input Port.png>]
<Graphics//Simulink_schematic_annotated.png, id=444, 2886.28313pt x 1863.21094p
t>
File: Graphics//Simulink_schematic_annotated.png Graphic file (type png)
<use Graphics//Simulink_schematic_annotated.png>
Package pdftex.def Info: Graphics//Simulink_schematic_annotated.png  used on in
put line 376.
(pdftex.def)             Requested size: 711.3189pt x 459.17734pt.

Overfull \hbox (42.67912pt too wide) in paragraph at lines 376--377
 [][] 
 []


Package natbib Warning: Citation `Dietl1997' on page 23 undefined on input line
 387.

<Graphics//FlexiTribo Figure 7. Rolling Element Contact Stiffness - Dry vs Lubr
icated Maximum Values.png, id=446, 1445.4pt x 673.01437pt>
File: Graphics//FlexiTribo Figure 7. Rolling Element Contact Stiffness - Dry vs
 Lubricated Maximum Values.png Graphic file (type png)
<use Graphics//FlexiTribo Figure 7. Rolling Element Contact Stiffness - Dry vs 
Lubricated Maximum Values.png>
Package pdftex.def Info: Graphics//FlexiTribo Figure 7. Rolling Element Contact
 Stiffness - Dry vs Lubricated Maximum Values.png  used on input line 391.
(pdftex.def)             Requested size: 426.79134pt x 198.72237pt.

Overfull \hbox (11.38109pt too wide) in paragraph at lines 391--392
 [][] 
 []


LaTeX Warning: Reference `Investigating the Effect of Lubrication on the Tribod
ynamic Behaviour of High-Speed Roller Bearings' on page 23 undefined on input l
ine 396.

[23] [24 <./Graphics//Simulink_schematic_annotated.png>]
<Graphics//FlexiTribo Figure 8. Rolling Element Contact Force - Dry vs Lubricat
ed Percentage Increase.png, id=457, 1445.4pt x 673.01437pt>
File: Graphics//FlexiTribo Figure 8. Rolling Element Contact Force - Dry vs Lub
ricated Percentage Increase.png Graphic file (type png)
<use Graphics//FlexiTribo Figure 8. Rolling Element Contact Force - Dry vs Lubr
icated Percentage Increase.png>
Package pdftex.def Info: Graphics//FlexiTribo Figure 8. Rolling Element Contact
 Force - Dry vs Lubricated Percentage Increase.png  used on input line 400.
(pdftex.def)             Requested size: 426.79134pt x 198.72237pt.

Overfull \hbox (11.38109pt too wide) in paragraph at lines 400--401
 [][] 
 []

[25 <./Graphics//FlexiTribo Figure 7. Rolling Element Contact Stiffness - Dry v
s Lubricated Maximum Values.png (PNG copy)> <./Graphics//FlexiTribo Figure 8. R
olling Element Contact Force - Dry vs Lubricated Percentage Increase.png (PNG c
opy)>]
<Graphics//FlexiTribo Figure 9. Inner Race Stiffness - Dry vs Lubricated Operat
ing Envelope.png, id=464, 1445.4pt x 673.01437pt>
File: Graphics//FlexiTribo Figure 9. Inner Race Stiffness - Dry vs Lubricated O
perating Envelope.png Graphic file (type png)
<use Graphics//FlexiTribo Figure 9. Inner Race Stiffness - Dry vs Lubricated Op
erating Envelope.png>
Package pdftex.def Info: Graphics//FlexiTribo Figure 9. Inner Race Stiffness - 
Dry vs Lubricated Operating Envelope.png  used on input line 409.
(pdftex.def)             Requested size: 426.79134pt x 198.72237pt.

Overfull \hbox (11.38109pt too wide) in paragraph at lines 409--410
 [][] 
 []

<Graphics//FlexiTribo Figure 10. Inner Race Displacement - Dry vs Lubricated Op
erating Envelope.png, id=466, 1445.4pt x 673.01437pt>
File: Graphics//FlexiTribo Figure 10. Inner Race Displacement - Dry vs Lubricat
ed Operating Envelope.png Graphic file (type png)
<use Graphics//FlexiTribo Figure 10. Inner Race Displacement - Dry vs Lubricate
d Operating Envelope.png>
Package pdftex.def Info: Graphics//FlexiTribo Figure 10. Inner Race Displacemen
t - Dry vs Lubricated Operating Envelope.png  used on input line 418.
(pdftex.def)             Requested size: 426.79134pt x 198.72237pt.

Overfull \hbox (11.38109pt too wide) in paragraph at lines 418--419
 [][] 
 []

[26 <./Graphics//FlexiTribo Figure 9. Inner Race Stiffness - Dry vs Lubricated 
Operating Envelope.png (PNG copy)>]
<Graphics//FlexiTribo Figure 11. Inner Race Acceleration - Dry vs Lubricated Op
erating Envelope.png, id=473, 1445.4pt x 673.01437pt>
File: Graphics//FlexiTribo Figure 11. Inner Race Acceleration - Dry vs Lubricat
ed Operating Envelope.png Graphic file (type png)
<use Graphics//FlexiTribo Figure 11. Inner Race Acceleration - Dry vs Lubricate
d Operating Envelope.png>
Package pdftex.def Info: Graphics//FlexiTribo Figure 11. Inner Race Acceleratio
n - Dry vs Lubricated Operating Envelope.png  used on input line 427.
(pdftex.def)             Requested size: 426.79134pt x 198.72237pt.

Overfull \hbox (11.38109pt too wide) in paragraph at lines 427--428
 [][] 
 []

<Graphics//FlexiTribo Figure 12. Rolling Element Contact Stiffness - Dry vs Lub
ricated Minimum Values.png, id=474, 1445.4pt x 673.01437pt>
File: Graphics//FlexiTribo Figure 12. Rolling Element Contact Stiffness - Dry v
s Lubricated Minimum Values.png Graphic file (type png)
<use Graphics//FlexiTribo Figure 12. Rolling Element Contact Stiffness - Dry vs
 Lubricated Minimum Values.png>
Package pdftex.def Info: Graphics//FlexiTribo Figure 12. Rolling Element Contac
t Stiffness - Dry vs Lubricated Minimum Values.png  used on input line 434.
(pdftex.def)             Requested size: 426.79134pt x 198.72237pt.

Overfull \hbox (11.38109pt too wide) in paragraph at lines 434--435
 [][] 
 []

[27 <./Graphics//FlexiTribo Figure 10. Inner Race Displacement - Dry vs Lubrica
ted Operating Envelope.png (PNG copy)> <./Graphics//FlexiTribo Figure 11. Inner
 Race Acceleration - Dry vs Lubricated Operating Envelope.png>]
<Graphics//FlexiTribo Figure 13. Film Thickness vs Contact Force 21 000 rpm.png
, id=483, 1445.4pt x 673.01437pt>
File: Graphics//FlexiTribo Figure 13. Film Thickness vs Contact Force 21 000 rp
m.png Graphic file (type png)
<use Graphics//FlexiTribo Figure 13. Film Thickness vs Contact Force 21 000 rpm
.png>
Package pdftex.def Info: Graphics//FlexiTribo Figure 13. Film Thickness vs Cont
act Force 21 000 rpm.png  used on input line 443.
(pdftex.def)             Requested size: 426.79134pt x 198.72237pt.

Overfull \hbox (11.38109pt too wide) in paragraph at lines 443--444
 [][] 
 []

<Graphics//FlexiTribo Figure 14. Film Thickness vs Contact Force 12 500 rpm.png
, id=484, 1445.4pt x 673.01437pt>
File: Graphics//FlexiTribo Figure 14. Film Thickness vs Contact Force 12 500 rp
m.png Graphic file (type png)
<use Graphics//FlexiTribo Figure 14. Film Thickness vs Contact Force 12 500 rpm
.png>
Package pdftex.def Info: Graphics//FlexiTribo Figure 14. Film Thickness vs Cont
act Force 12 500 rpm.png  used on input line 450.
(pdftex.def)             Requested size: 426.79134pt x 198.72237pt.

Overfull \hbox (11.38109pt too wide) in paragraph at lines 450--451
 [][] 
 []

[28 <./Graphics//FlexiTribo Figure 12. Rolling Element Contact Stiffness - Dry 
vs Lubricated Minimum Values.png (PNG copy)> <./Graphics//FlexiTribo Figure 13.
 Film Thickness vs Contact Force 21 000 rpm.png (PNG copy)>] [29 <./Graphics//F
lexiTribo Figure 14. Film Thickness vs Contact Force 12 500 rpm.png (PNG copy)>
]

LaTeX Warning: Reference `Investigating the Effect of Lubrication on the Tribod
ynamic Behaviour of High-Speed Roller Bearings' on page 30 undefined on input l
ine 470.


LaTeX Warning: Reference `Numerical vs analytical experimental' on page 30 unde
fined on input line 470.


LaTeX Warning: Reference `ANN Lubricated Bearing FMBD' on page 30 undefined on 
input line 470.


LaTeX Warning: Reference `EHL_NumericalvsAnalytical_25000' on page 30 undefined
 on input line 470.

) [30]

Package natbib Warning: There were undefined citations.

(Master.aux (Abstract/abstract.aux) (Acknowledgement/acknowledgement.aux)
(Nomenclature/nomenclature_new.aux) (Nomenclature/list_of_abbreviations.aux)
(Publications/Publications.aux) (Chapters/01_Introduction/Introduction.aux)
(Chapters/04_Modelling_Lubricated_Bearings_in_a_Flexible_Multi-Body_Dynamic_Env
ironment/Lubricated_FMBD.aux))

LaTeX Warning: There were undefined references.

Package rerunfilecheck Info: File `Master.out' has not changed.
(rerunfilecheck)             Checksum: BED6EAEFA74EB490CEA7BE165D31FDDB;3848.
 ) 
Here is how much of TeX's memory you used:
 24800 strings out of 478614
 485861 string characters out of 2843594
 864300 words of memory out of 3000000
 42019 multiletter control sequences out of 15000+600000
 522278 words of font info for 251 fonts, out of 8000000 for 9000
 1141 hyphenation exceptions out of 8191
 125i,12n,120p,1483b,936s stack positions out of 10000i,1000n,20000p,200000b,80000s
{C:/Users/wshq/AppData/Local/Programs/MiKTeX/fonts/enc/dvips/base/8r.enc}<C:/
Users/wshq/AppData/Local/Programs/MiKTeX/fonts/type1/public/amsfonts/cm/cmex10.
pfb><C:/Users/wshq/AppData/Local/Programs/MiKTeX/fonts/type1/public/amsfonts/cm
/cmmi10.pfb><C:/Users/wshq/AppData/Local/Programs/MiKTeX/fonts/type1/public/ams
fonts/cm/cmr10.pfb><C:/Users/wshq/AppData/Local/Programs/MiKTeX/fonts/type1/pub
lic/amsfonts/cm/cmsy10.pfb><C:/Users/wshq/AppData/Local/Programs/MiKTeX/fonts/t
ype1/urw/symbol/usyr.pfb><C:/Users/wshq/AppData/Local/Programs/MiKTeX/fonts/typ
e1/urw/symbol/usyr.pfb><C:/Users/wshq/AppData/Local/Programs/MiKTeX/fonts/type1
/urw/times/utmb8a.pfb><C:/Users/wshq/AppData/Local/Programs/MiKTeX/fonts/type1/
urw/times/utmr8a.pfb><C:/Users/wshq/AppData/Local/Programs/MiKTeX/fonts/type1/u
rw/times/utmri8a.pfb>
Output written on Master.pdf (52 pages, 6128097 bytes).
PDF statistics:
 578 PDF objects out of 1000 (max. 8388607)
 168 named destinations out of 1000 (max. 500000)
 52997 words of extra memory for PDF output out of 61914 (max. 10000000)

