Unigraphics NX V11.0 / 2D Exchange

Reading part: C:\Users\Giorgos\OneDrive - Loughborough University\Uni\Year 3\Individual Project\Individual Project - GP\Rig assy\chassis shaker\Lower load ball base f.prt


Writing part: C:\Users\Giorgos\AppData\Local\Temp\Gior3B2C1909n253.prt

Elapsed time   :    0 minutes,  4 seconds
Actual CPU Time:    0 minutes,  4 seconds


 
	 	 Annotation Summary 
 

 
Dimensions in input Part 
-------------------------------------------------------------------------------------------------------------
Linear                                         :	11
Radial                                         :	2
-------------------------------------------------------------------------------------------------------------
Total                                          :	13
-------------------------------------------------------------------------------------------------------------

 
Other annotations in input Part 
-------------------------------------------------------------------------------------------------------------
Note                                           :	14
-------------------------------------------------------------------------------------------------------------
Total                                          :	14
-------------------------------------------------------------------------------------------------------------

 

Dimensions in output 2D Part 
-------------------------------------------------------------------------------------------------------------
Linear                                         :	11
-------------------------------------------------------------------------------------------------------------
Total                                          :	11
-------------------------------------------------------------------------------------------------------------

INFO-  Following Dimensions Exported As Grouped
-------------------------------------------------------------------------------------------------------------
Type		Dimension Value   View 	 	     Sheet 			   Reason
-------------------------------------------------------------------------------------------------------------
Radial                                               Sheet A4                     Hole Callout
Radial                                               Sheet A4                     Hole Callout
-------------------------------------------------------------------------------------------------------------

 
Other annotations in output 2D Part 
-------------------------------------------------------------------------------------------------------------
Note                                           :	14
-------------------------------------------------------------------------------------------------------------
Total                                          :	14
-------------------------------------------------------------------------------------------------------------
INFO-
INFO-		Unigraphics Version NX V11.0 to AutoCAD 2004
INFO-		
INFO-
INFO-		Running UGTODXF Translator .....
INFO-
INFO-		Start of Translation: Wed Apr 20 16:31:38 2022
INFO-
STATUS-		Converting C:\Users\Giorgos\AppData\Local\Temp\Gior3B2C1909n253.prt
STATUS-
SUMMARY-
SUMMARY-	Summary of Unigraphics Input Entities
SUMMARY-	For Unigraphics File: C:\Users\Giorgos\AppData\Local\Temp\Gior3B2C1909n253.prt
SUMMARY-	------------------------------------------------------------------
SUMMARY-	Entity Type					Count
SUMMARY-	------------------------------------------------------------------
SUMMARY-	Line .....................................:	92
SUMMARY-	Point ....................................:	2
SUMMARY-	Arc ......................................:	3
SUMMARY-	Circle ...................................:	17
SUMMARY-	Group ....................................:	3
SUMMARY-	Note .....................................:	30
SUMMARY-	Cross Hatch ..............................:	2
SUMMARY-	Dimension ................................:	11
SUMMARY-	Image ....................................:	1
SUMMARY-	------------------------------------------------------------------
SUMMARY-	Total ....................................:	161
SUMMARY-	------------------------------------------------------------------
SUMMARY-
STATUS-
INFO-
INFO-		Writing File: C:\Users\Giorgos\OneDrive - Loughborough University\Uni\Year 3\Individual Project\Individual Project - GP\Rig assy\chassis shaker\Lower load ball base f.dxf
SUMMARY-	Summary of AutoCAD Output Entities
SUMMARY-	------------------------------------------------------------------
SUMMARY-	Entity Type					Count
SUMMARY-	------------------------------------------------------------------
SUMMARY-	Arc ......................................:	3
SUMMARY-	Circle ...................................:	17
SUMMARY-	Dimension ................................:	11
SUMMARY-	Point ....................................:	2
SUMMARY-	Line .....................................:	153
SUMMARY-	Solid 2D .................................:	22
SUMMARY-	Hatch ....................................:	2
SUMMARY-	Multiline Text ...........................:	80
SUMMARY-	Group ....................................:	3
SUMMARY-	Layout ...................................:	6
SUMMARY-	Image ...................................:	1
SUMMARY-	------------------------------------------------------------------
SUMMARY-	Total ....................................:	301
SUMMARY-	------------------------------------------------------------------
SUMMARY-
INFO-
INFO-		End of Translation: Wed Apr 20 16:31:39 2022
INFO-		Translation CPU time: 0 m, 1 sINFO-
