
===========================================================================
Model "Sealing_Strip_107502_-_Side_Panel_600_x_60mm_Breadboard" exists. Name "Sealing_Strip_107502_-_Side_P_1" used instead.
===========================================================================

===========================================================================
Model "End_Cap_107502_-_Side_Panel_600_x_60mm_Breadboard" exists. Name "End_Cap_107502_-_Side_Panel_6_1" used instead.
===========================================================================

===========================================================================
Model "107502_-_Side_Panel_600_x_60mm_Breadboard" exists. Name "107502_-_Side_Panel_600_x_60m_1" used instead.
===========================================================================

===========================================================================
Model "FE0053_-_50mm_Width_Core_METRIC_-__900mm_Breadboard" exists. Name "FE0053_-_50mm_Width_Core_METR_1" used instead.
===========================================================================

===========================================================================
Model "C_Section_107502_-_Side_Panel_600_x_60mm_Breadboard" exists. Name "C_Section_107502_-_Side_Panel_1" used instead.
===========================================================================

===========================================================================
Model "107400_-_Breadboard_Top_Skin_107400-06" exists. Name "107400_-_Breadboard_Top_Skin__1" used instead.
===========================================================================

===========================================================================
Model "107440_-_Printed_Desktop_49mm_Width_107440-03_-_900mm_Breadboard" exists. Name "107440_-_Printed_Desktop_49mm_1" used instead.
===========================================================================

===========================================================================
Model "107435_-_Corner_Angle_60mm_Breadboard" exists. Name "107435_-_Corner_Angle_60mm_Br_1" used instead.
===========================================================================

===========================================================================
Model "Extrude4" exists. Name "Extrude4_1" used instead.
===========================================================================

===========================================================================
Model "LPattern1" exists. Name "LPattern1_1" used instead.
===========================================================================
