
===========================================================================
Model "FE0053_-_50MM_WIDTH_CORE_METR_1_ASM_1" exists. Name "FE0053_-_50MM_WIDTH_CORE_METR_2" used instead.
===========================================================================

===========================================================================
Model "107563_-_BREADBOARD_BASE_SKIN_6_1" exists. Name "107563_-_BREADBOARD_BASE_SKIN_1" used instead.
===========================================================================

===========================================================================
Model "C_SECTION_107502_-_SIDE_PANEL_1_1" exists. Name "C_SECTION_107502_-_SIDE_PANEL_2" used instead.
===========================================================================

===========================================================================
Model "107502_-_SIDE_PANEL_600_X_60M_1_ASM_1" exists. Name "107502_-_SIDE_PANEL_600_X_60M_2" used instead.
===========================================================================

===========================================================================
Model "SEALING_STRIP_107502_-_SIDE_P_1_1" exists. Name "SEALING_STRIP_107502_-_SIDE_P_2" used instead.
===========================================================================

===========================================================================
Model "END_CAP_107502_-_SIDE_PANEL_6_1_1" exists. Name "END_CAP_107502_-_SIDE_PANEL_6_2" used instead.
===========================================================================

===========================================================================
Model "C_SECTION_107504_-_SIDE_PANEL_9_1" exists. Name "C_SECTION_107504_-_SIDE_PANEL_1" used instead.
===========================================================================

===========================================================================
Model "107504_-_SIDE_PANEL_900_X_60MM__ASM_1" exists. Name "107504_-_SIDE_PANEL_900_X_60M_1" used instead.
===========================================================================

===========================================================================
Model "SEALING_STRIP_107504_-_SIDE_PAN_1" exists. Name "SEALING_STRIP_107504_-_SIDE_P_1" used instead.
===========================================================================

===========================================================================
Model "END_CAP_107504_-_SIDE_PANEL_900_1" exists. Name "END_CAP_107504_-_SIDE_PANEL_9_1" used instead.
===========================================================================

===========================================================================
Model "107400_-_BREADBOARD_TOP_SKIN__1_1" exists. Name "107400_-_BREADBOARD_TOP_SKIN__2" used instead.
===========================================================================

===========================================================================
Model "107461_-_DESKTOP_ROLL_CUT-65533_1" exists. Name "107461_-_DESKTOP_ROLL_CUT-655_1" used instead.
===========================================================================

===========================================================================
Model "107440_-_PRINTED_DESKTOP_49MM_1_ASM_1" exists. Name "107440_-_PRINTED_DESKTOP_49MM_2" used instead.
===========================================================================

===========================================================================
Model "107435_-_CORNER_ANGLE_60MM_BR_1_1" exists. Name "107435_-_CORNER_ANGLE_60MM_BR_2" used instead.
===========================================================================

===========================================================================
Model "107461_-_DESKTOP_ROLL_CUT-65536_1" exists. Name "107461_-_DESKTOP_ROLL_CUT-655_2" used instead.
===========================================================================

===========================================================================
Model "LPATTERN1_1" exists. Name "LPATTERN1_1_1_2" used instead.
===========================================================================

===========================================================================
Model "FE0053_-_50MM_WIDTH_CORE_METRIC_ASM_1" exists. Name "FE0053_-_50MM_WIDTH_CORE_METR_3" used instead.
===========================================================================

===========================================================================
Model "EXTRUDE4_1" exists. Name "EXTRUDE4_1_1_2" used instead.
===========================================================================

===========================================================================
Model "107461_-_DESKTOP_ROLL_CUT-27824_1" exists. Name "107461_-_DESKTOP_ROLL_CUT-278_1" used instead.
===========================================================================

===========================================================================
Model "107559_-_BREADBOARD_BASE_SKIN_3_1" exists. Name "107559_-_BREADBOARD_BASE_SKIN_1" used instead.
===========================================================================

===========================================================================
Model "C_SECTION_107500_-_SIDE_PANEL_3_1" exists. Name "C_SECTION_107500_-_SIDE_PANEL_1" used instead.
===========================================================================

===========================================================================
Model "107500_-_SIDE_PANEL_300_X_60MM__ASM_1" exists. Name "107500_-_SIDE_PANEL_300_X_60M_1" used instead.
===========================================================================

===========================================================================
Model "SEALING_STRIP_107500_-_SIDE_PAN_1" exists. Name "SEALING_STRIP_107500_-_SIDE_P_1" used instead.
===========================================================================

===========================================================================
Model "END_CAP_107500_-_SIDE_PANEL_300_1" exists. Name "END_CAP_107500_-_SIDE_PANEL_3_1" used instead.
===========================================================================

===========================================================================
Model "C_SECTION_107502_-_SIDE_PANEL_6_1" exists. Name "C_SECTION_107502_-_SIDE_PANEL_3" used instead.
===========================================================================

===========================================================================
Model "107502_-_SIDE_PANEL_600_X_60MM__ASM_1" exists. Name "107502_-_SIDE_PANEL_600_X_60M_3" used instead.
===========================================================================

===========================================================================
Model "SEALING_STRIP_107502_-_SIDE_PAN_1" exists. Name "SEALING_STRIP_107502_-_SIDE_P_3" used instead.
===========================================================================

===========================================================================
Model "END_CAP_107502_-_SIDE_PANEL_600_1" exists. Name "END_CAP_107502_-_SIDE_PANEL_6_3" used instead.
===========================================================================

===========================================================================
Model "107400_-_BREADBOARD_TOP_SKIN_10_1" exists. Name "107400_-_BREADBOARD_TOP_SKIN__3" used instead.
===========================================================================

===========================================================================
Model "107461_-_DESKTOP_ROLL_CUT-27818_1" exists. Name "107461_-_DESKTOP_ROLL_CUT-278_2" used instead.
===========================================================================

===========================================================================
Model "107440_-_PRINTED_DESKTOP_49MM_W_ASM_1" exists. Name "107440_-_PRINTED_DESKTOP_49MM_3" used instead.
===========================================================================

===========================================================================
Model "107435_-_CORNER_ANGLE_60MM_BREA_1" exists. Name "107435_-_CORNER_ANGLE_60MM_BR_3" used instead.
===========================================================================
