Unigraphics NX V11.0 / 2D Exchange

Reading part: C:\Users\Giorgos\OneDrive - Loughborough University\Uni\Year 3\Individual Project\Individual Project - GP\Rig assy\chassis shaker\Lower load ball base upper.prt


Writing part: C:\Users\Giorgos\AppData\Local\Temp\Gior3B2C1909n25d.prt

Elapsed time   :    0 minutes,  4 seconds
Actual CPU Time:    0 minutes,  4 seconds


 
	 	 Annotation Summary 
 

 
Dimensions in input Part 
-------------------------------------------------------------------------------------------------------------
Linear                                         :	7
Radial                                         :	5
-------------------------------------------------------------------------------------------------------------
Total                                          :	12
-------------------------------------------------------------------------------------------------------------

 
Other annotations in input Part 
-------------------------------------------------------------------------------------------------------------
Note                                           :	13
-------------------------------------------------------------------------------------------------------------
Total                                          :	13
-------------------------------------------------------------------------------------------------------------

 

Dimensions in output 2D Part 
-------------------------------------------------------------------------------------------------------------
Linear                                         :	7
Radial                                         :	1
-------------------------------------------------------------------------------------------------------------
Total                                          :	8
-------------------------------------------------------------------------------------------------------------

INFO-  Following Dimensions Exported As Grouped
-------------------------------------------------------------------------------------------------------------
Type		Dimension Value   View 	 	     Sheet 			   Reason
-------------------------------------------------------------------------------------------------------------
Radial                                               Sheet A4                     Hole Callout
Radial                                               Sheet A4                     Hole Callout
Radial                                               Sheet A4                     Hole Callout
Radial                                               Sheet A4                     Hole Callout
-------------------------------------------------------------------------------------------------------------

 
Other annotations in output 2D Part 
-------------------------------------------------------------------------------------------------------------
Note                                           :	13
-------------------------------------------------------------------------------------------------------------
Total                                          :	13
-------------------------------------------------------------------------------------------------------------
INFO-
INFO-		Unigraphics Version NX V11.0 to AutoCAD 2004
INFO-		
INFO-
INFO-		Running UGTODXF Translator .....
INFO-
INFO-		Start of Translation: Wed Apr 20 16:32:24 2022
INFO-
STATUS-		Converting C:\Users\Giorgos\AppData\Local\Temp\Gior3B2C1909n25d.prt
STATUS-
SUMMARY-
SUMMARY-	Summary of Unigraphics Input Entities
SUMMARY-	For Unigraphics File: C:\Users\Giorgos\AppData\Local\Temp\Gior3B2C1909n25d.prt
SUMMARY-	------------------------------------------------------------------
SUMMARY-	Entity Type					Count
SUMMARY-	------------------------------------------------------------------
SUMMARY-	Line .....................................:	80
SUMMARY-	Point ....................................:	3
SUMMARY-	Arc ......................................:	2
SUMMARY-	Circle ...................................:	13
SUMMARY-	Group ....................................:	5
SUMMARY-	Note .....................................:	36
SUMMARY-	Cross Hatch ..............................:	4
SUMMARY-	Dimension ................................:	8
SUMMARY-	Image ....................................:	1
SUMMARY-	------------------------------------------------------------------
SUMMARY-	Total ....................................:	152
SUMMARY-	------------------------------------------------------------------
SUMMARY-
STATUS-
INFO-
INFO-		Writing File: C:\Users\Giorgos\OneDrive - Loughborough University\Uni\Year 3\Individual Project\Individual Project - GP\Rig assy\chassis shaker\Lower load ball base upper.dxf
SUMMARY-	Summary of AutoCAD Output Entities
SUMMARY-	------------------------------------------------------------------
SUMMARY-	Entity Type					Count
SUMMARY-	------------------------------------------------------------------
SUMMARY-	Arc ......................................:	2
SUMMARY-	Circle ...................................:	13
SUMMARY-	Dimension ................................:	8
SUMMARY-	Point ....................................:	3
SUMMARY-	Line .....................................:	145
SUMMARY-	Solid 2D .................................:	15
SUMMARY-	Hatch ....................................:	4
SUMMARY-	Multiline Text ...........................:	81
SUMMARY-	Group ....................................:	5
SUMMARY-	Layout ...................................:	6
SUMMARY-	Image ...................................:	1
SUMMARY-	------------------------------------------------------------------
SUMMARY-	Total ....................................:	284
SUMMARY-	------------------------------------------------------------------
SUMMARY-
INFO-
INFO-		End of Translation: Wed Apr 20 16:32:25 2022
INFO-		Translation CPU time: 0 m, 1 sINFO-
